2019-06-07 12:50:40.134  INFO [forex-service,,,] 2904 --- [restartedMain] gBootMicroserviceForexServiceApplication : No active profile set, falling back to default profiles: default
2019-06-07 12:50:40.155  INFO [forex-service,,,] 2904 --- [restartedMain] ConfigServletWebServerApplicationContext : Refreshing org.springframework.boot.web.servlet.context.AnnotationConfigServletWebServerApplicationContext@242eb76b: startup date [Fri Jun 07 12:50:40 EDT 2019]; parent: org.springframework.context.annotation.AnnotationConfigApplicationContext@12f54eb
2019-06-07 12:50:41.823  INFO [forex-service,,,] 2904 --- [restartedMain] o.s.b.f.s.DefaultListableBeanFactory     : Overriding bean definition for bean 'environmentWebEndpointExtension' with a different definition: replacing [Root bean: class [null]; scope=; abstract=false; lazyInit=false; autowireMode=3; dependencyCheck=0; autowireCandidate=true; primary=false; factoryBeanName=org.springframework.boot.actuate.autoconfigure.env.EnvironmentEndpointAutoConfiguration; factoryMethodName=environmentWebEndpointExtension; initMethodName=null; destroyMethodName=(inferred); defined in class path resource [org/springframework/boot/actuate/autoconfigure/env/EnvironmentEndpointAutoConfiguration.class]] with [Root bean: class [null]; scope=; abstract=false; lazyInit=false; autowireMode=3; dependencyCheck=0; autowireCandidate=true; primary=false; factoryBeanName=org.springframework.cloud.autoconfigure.LifecycleMvcEndpointAutoConfiguration$EndpointConfiguration; factoryMethodName=environmentWebEndpointExtension; initMethodName=null; destroyMethodName=(inferred); defined in class path resource [org/springframework/cloud/autoconfigure/LifecycleMvcEndpointAutoConfiguration$EndpointConfiguration.class]]
2019-06-07 12:50:42.031  INFO [forex-service,,,] 2904 --- [restartedMain] o.s.b.f.s.DefaultListableBeanFactory     : Overriding bean definition for bean 'dataSource' with a different definition: replacing [Root bean: class [null]; scope=refresh; abstract=false; lazyInit=false; autowireMode=3; dependencyCheck=0; autowireCandidate=false; primary=false; factoryBeanName=org.springframework.boot.autoconfigure.jdbc.DataSourceConfiguration$Hikari; factoryMethodName=dataSource; initMethodName=null; destroyMethodName=(inferred); defined in class path resource [org/springframework/boot/autoconfigure/jdbc/DataSourceConfiguration$Hikari.class]] with [Root bean: class [org.springframework.aop.scope.ScopedProxyFactoryBean]; scope=; abstract=false; lazyInit=false; autowireMode=0; dependencyCheck=0; autowireCandidate=true; primary=false; factoryBeanName=null; factoryMethodName=null; initMethodName=null; destroyMethodName=null; defined in BeanDefinition defined in class path resource [org/springframework/boot/autoconfigure/jdbc/DataSourceConfiguration$Hikari.class]]
2019-06-07 12:50:42.269  INFO [forex-service,,,] 2904 --- [restartedMain] o.s.cloud.context.scope.GenericScope     : BeanFactory id=f01b9908-e39f-3a5e-81eb-365664bf3cc2
2019-06-07 12:50:42.302  INFO [forex-service,,,] 2904 --- [restartedMain] f.a.AutowiredAnnotationBeanPostProcessor : JSR-330 'javax.inject.Inject' annotation found and supported for autowiring
2019-06-07 12:50:42.457  INFO [forex-service,,,] 2904 --- [restartedMain] trationDelegate$BeanPostProcessorChecker : Bean 'org.springframework.cloud.sleuth.annotation.SleuthAnnotationAutoConfiguration' of type [org.springframework.cloud.sleuth.annotation.SleuthAnnotationAutoConfiguration$$EnhancerBySpringCGLIB$$5611bed2] is not eligible for getting processed by all BeanPostProcessors (for example: not eligible for auto-proxying)
2019-06-07 12:50:42.621  INFO [forex-service,,,] 2904 --- [restartedMain] trationDelegate$BeanPostProcessorChecker : Bean 'sleuthAdvisorConfig' of type [org.springframework.cloud.sleuth.annotation.SleuthAdvisorConfig] is not eligible for getting processed by all BeanPostProcessors (for example: not eligible for auto-proxying)
2019-06-07 12:50:42.631  INFO [forex-service,,,] 2904 --- [restartedMain] trationDelegate$BeanPostProcessorChecker : Bean 'org.springframework.transaction.annotation.ProxyTransactionManagementConfiguration' of type [org.springframework.transaction.annotation.ProxyTransactionManagementConfiguration$$EnhancerBySpringCGLIB$$53ac78a0] is not eligible for getting processed by all BeanPostProcessors (for example: not eligible for auto-proxying)
2019-06-07 12:50:42.692  INFO [forex-service,,,] 2904 --- [restartedMain] trationDelegate$BeanPostProcessorChecker : Bean 'org.springframework.cloud.autoconfigure.ConfigurationPropertiesRebinderAutoConfiguration' of type [org.springframework.cloud.autoconfigure.ConfigurationPropertiesRebinderAutoConfiguration$$EnhancerBySpringCGLIB$$6fc67b9d] is not eligible for getting processed by all BeanPostProcessors (for example: not eligible for auto-proxying)
2019-06-07 12:50:42.707  INFO [forex-service,,,] 2904 --- [restartedMain] trationDelegate$BeanPostProcessorChecker : Bean 'org.springframework.cloud.sleuth.log.SleuthLogAutoConfiguration$Slf4jConfiguration' of type [org.springframework.cloud.sleuth.log.SleuthLogAutoConfiguration$Slf4jConfiguration$$EnhancerBySpringCGLIB$$da149f81] is not eligible for getting processed by all BeanPostProcessors (for example: not eligible for auto-proxying)
2019-06-07 12:50:42.724  INFO [forex-service,,,] 2904 --- [restartedMain] trationDelegate$BeanPostProcessorChecker : Bean 'org.springframework.cloud.sleuth.instrument.async.AsyncDefaultAutoConfiguration' of type [org.springframework.cloud.sleuth.instrument.async.AsyncDefaultAutoConfiguration$$EnhancerBySpringCGLIB$$3b9024bf] is not eligible for getting processed by all BeanPostProcessors (for example: not eligible for auto-proxying)
2019-06-07 12:50:42.745  INFO [forex-service,,,] 2904 --- [restartedMain] trationDelegate$BeanPostProcessorChecker : Bean 'org.springframework.cloud.sleuth.instrument.web.client.TraceWebClientAutoConfiguration$RestTemplateConfig' of type [org.springframework.cloud.sleuth.instrument.web.client.TraceWebClientAutoConfiguration$RestTemplateConfig] is not eligible for getting processed by all BeanPostProcessors (for example: not eligible for auto-proxying)
2019-06-07 12:50:42.754  INFO [forex-service,,,] 2904 --- [restartedMain] trationDelegate$BeanPostProcessorChecker : Bean 'org.springframework.cloud.sleuth.instrument.web.TraceHttpAutoConfiguration' of type [org.springframework.cloud.sleuth.instrument.web.TraceHttpAutoConfiguration$$EnhancerBySpringCGLIB$$3a2a81ef] is not eligible for getting processed by all BeanPostProcessors (for example: not eligible for auto-proxying)
2019-06-07 12:50:42.766  INFO [forex-service,,,] 2904 --- [restartedMain] trationDelegate$BeanPostProcessorChecker : Bean 'org.springframework.cloud.sleuth.autoconfig.TraceAutoConfiguration' of type [org.springframework.cloud.sleuth.autoconfig.TraceAutoConfiguration$$EnhancerBySpringCGLIB$$8ca995b3] is not eligible for getting processed by all BeanPostProcessors (for example: not eligible for auto-proxying)
2019-06-07 12:50:42.788  INFO [forex-service,,,] 2904 --- [restartedMain] trationDelegate$BeanPostProcessorChecker : Bean 'org.springframework.boot.context.properties.ConversionServiceDeducer$Factory' of type [org.springframework.boot.context.properties.ConversionServiceDeducer$Factory] is not eligible for getting processed by all BeanPostProcessors (for example: not eligible for auto-proxying)
2019-06-07 12:50:42.792  INFO [forex-service,,,] 2904 --- [restartedMain] trationDelegate$BeanPostProcessorChecker : Bean 'spring.sleuth-org.springframework.cloud.sleuth.autoconfig.SleuthProperties' of type [org.springframework.cloud.sleuth.autoconfig.SleuthProperties] is not eligible for getting processed by all BeanPostProcessors (for example: not eligible for auto-proxying)
2019-06-07 12:50:42.800  INFO [forex-service,,,] 2904 --- [restartedMain] trationDelegate$BeanPostProcessorChecker : Bean 'sleuthPropagation' of type [brave.propagation.B3Propagation$1] is not eligible for getting processed by all BeanPostProcessors (for example: not eligible for auto-proxying)
2019-06-07 12:50:42.812  INFO [forex-service,,,] 2904 --- [restartedMain] trationDelegate$BeanPostProcessorChecker : Bean 'slf4jSpanLogger' of type [org.springframework.cloud.sleuth.log.Slf4jCurrentTraceContext] is not eligible for getting processed by all BeanPostProcessors (for example: not eligible for auto-proxying)
2019-06-07 12:50:42.821  INFO [forex-service,,,] 2904 --- [restartedMain] trationDelegate$BeanPostProcessorChecker : Bean 'org.springframework.cloud.sleuth.zipkin2.ZipkinAutoConfiguration' of type [org.springframework.cloud.sleuth.zipkin2.ZipkinAutoConfiguration$$EnhancerBySpringCGLIB$$c6c1e3a1] is not eligible for getting processed by all BeanPostProcessors (for example: not eligible for auto-proxying)
2019-06-07 12:50:42.832  INFO [forex-service,,,] 2904 --- [restartedMain] trationDelegate$BeanPostProcessorChecker : Bean 'sleuthReporterMetrics' of type [zipkin2.reporter.InMemoryReporterMetrics] is not eligible for getting processed by all BeanPostProcessors (for example: not eligible for auto-proxying)
2019-06-07 12:50:42.845  INFO [forex-service,,,] 2904 --- [restartedMain] trationDelegate$BeanPostProcessorChecker : Bean 'spring.zipkin-org.springframework.cloud.sleuth.zipkin2.ZipkinProperties' of type [org.springframework.cloud.sleuth.zipkin2.ZipkinProperties] is not eligible for getting processed by all BeanPostProcessors (for example: not eligible for auto-proxying)
2019-06-07 12:50:42.874  INFO [forex-service,,,] 2904 --- [restartedMain] trationDelegate$BeanPostProcessorChecker : Bean 'default.org.springframework.cloud.netflix.ribbon.RibbonAutoConfiguration.RibbonClientSpecification' of type [org.springframework.cloud.netflix.ribbon.RibbonClientSpecification] is not eligible for getting processed by all BeanPostProcessors (for example: not eligible for auto-proxying)
2019-06-07 12:50:42.878  INFO [forex-service,,,] 2904 --- [restartedMain] trationDelegate$BeanPostProcessorChecker : Bean 'default.org.springframework.cloud.netflix.ribbon.eureka.RibbonEurekaAutoConfiguration.RibbonClientSpecification' of type [org.springframework.cloud.netflix.ribbon.RibbonClientSpecification] is not eligible for getting processed by all BeanPostProcessors (for example: not eligible for auto-proxying)
2019-06-07 12:50:42.883  INFO [forex-service,,,] 2904 --- [restartedMain] trationDelegate$BeanPostProcessorChecker : Bean 'ribbon.eager-load-org.springframework.cloud.netflix.ribbon.RibbonEagerLoadProperties' of type [org.springframework.cloud.netflix.ribbon.RibbonEagerLoadProperties] is not eligible for getting processed by all BeanPostProcessors (for example: not eligible for auto-proxying)
2019-06-07 12:50:42.886  INFO [forex-service,,,] 2904 --- [restartedMain] trationDelegate$BeanPostProcessorChecker : Bean 'org.springframework.cloud.netflix.ribbon.RibbonAutoConfiguration' of type [org.springframework.cloud.netflix.ribbon.RibbonAutoConfiguration$$EnhancerBySpringCGLIB$$50f8d87a] is not eligible for getting processed by all BeanPostProcessors (for example: not eligible for auto-proxying)
2019-06-07 12:50:42.971  INFO [forex-service,,,] 2904 --- [restartedMain] trationDelegate$BeanPostProcessorChecker : Bean 'springClientFactory' of type [org.springframework.cloud.netflix.ribbon.SpringClientFactory] is not eligible for getting processed by all BeanPostProcessors (for example: not eligible for auto-proxying)
2019-06-07 12:50:42.981  INFO [forex-service,,,] 2904 --- [restartedMain] trationDelegate$BeanPostProcessorChecker : Bean 'loadBalancerClient' of type [org.springframework.cloud.netflix.ribbon.RibbonLoadBalancerClient] is not eligible for getting processed by all BeanPostProcessors (for example: not eligible for auto-proxying)
2019-06-07 12:50:42.986  INFO [forex-service,,,] 2904 --- [restartedMain] trationDelegate$BeanPostProcessorChecker : Bean 'org.springframework.cloud.sleuth.zipkin2.sender.ZipkinRestTemplateSenderConfiguration$DiscoveryClientZipkinUrlExtractorConfiguration' of type [org.springframework.cloud.sleuth.zipkin2.sender.ZipkinRestTemplateSenderConfiguration$DiscoveryClientZipkinUrlExtractorConfiguration$$EnhancerBySpringCGLIB$$c7791839] is not eligible for getting processed by all BeanPostProcessors (for example: not eligible for auto-proxying)
2019-06-07 12:50:42.997  INFO [forex-service,,,] 2904 --- [restartedMain] trationDelegate$BeanPostProcessorChecker : Bean 'loadBalancerClientZipkinLoadBalancer' of type [org.springframework.cloud.sleuth.zipkin2.sender.LoadBalancerClientZipkinLoadBalancer] is not eligible for getting processed by all BeanPostProcessors (for example: not eligible for auto-proxying)
2019-06-07 12:50:43.003  INFO [forex-service,,,] 2904 --- [restartedMain] trationDelegate$BeanPostProcessorChecker : Bean 'zipkinUrlExtractor' of type [org.springframework.cloud.sleuth.zipkin2.sender.ZipkinRestTemplateSenderConfiguration$1] is not eligible for getting processed by all BeanPostProcessors (for example: not eligible for auto-proxying)
2019-06-07 12:50:43.005  INFO [forex-service,,,] 2904 --- [restartedMain] trationDelegate$BeanPostProcessorChecker : Bean 'org.springframework.cloud.sleuth.zipkin2.sender.ZipkinRestTemplateSenderConfiguration' of type [org.springframework.cloud.sleuth.zipkin2.sender.ZipkinRestTemplateSenderConfiguration$$EnhancerBySpringCGLIB$$306ca9ac] is not eligible for getting processed by all BeanPostProcessors (for example: not eligible for auto-proxying)
2019-06-07 12:50:43.013  INFO [forex-service,,,] 2904 --- [restartedMain] trationDelegate$BeanPostProcessorChecker : Bean 'zipkinRestTemplateCustomizer' of type [org.springframework.cloud.sleuth.zipkin2.DefaultZipkinRestTemplateCustomizer] is not eligible for getting processed by all BeanPostProcessors (for example: not eligible for auto-proxying)
2019-06-07 12:50:43.024  INFO [forex-service,,,] 2904 --- [restartedMain] trationDelegate$BeanPostProcessorChecker : Bean 'restTemplateSender' of type [org.springframework.cloud.sleuth.zipkin2.sender.RestTemplateSender] is not eligible for getting processed by all BeanPostProcessors (for example: not eligible for auto-proxying)
2019-06-07 12:50:43.038  INFO [forex-service,,,] 2904 --- [restartedMain] trationDelegate$BeanPostProcessorChecker : Bean 'reporter' of type [zipkin2.reporter.AsyncReporter$BoundedAsyncReporter] is not eligible for getting processed by all BeanPostProcessors (for example: not eligible for auto-proxying)
2019-06-07 12:50:43.508  INFO [forex-service,,,] 2904 --- [restartedMain] trationDelegate$BeanPostProcessorChecker : Bean 'sleuthTracing' of type [brave.Tracing$Default] is not eligible for getting processed by all BeanPostProcessors (for example: not eligible for auto-proxying)
2019-06-07 12:50:43.519  INFO [forex-service,,,] 2904 --- [restartedMain] trationDelegate$BeanPostProcessorChecker : Bean 'sleuthHttpTracing' of type [brave.http.AutoValue_HttpTracing] is not eligible for getting processed by all BeanPostProcessors (for example: not eligible for auto-proxying)
2019-06-07 12:50:43.529  INFO [forex-service,,,] 2904 --- [restartedMain] trationDelegate$BeanPostProcessorChecker : Bean 'tracingClientHttpRequestInterceptor' of type [brave.spring.web.TracingClientHttpRequestInterceptor] is not eligible for getting processed by all BeanPostProcessors (for example: not eligible for auto-proxying)
2019-06-07 12:50:43.532  INFO [forex-service,,,] 2904 --- [restartedMain] trationDelegate$BeanPostProcessorChecker : Bean 'org.springframework.cloud.sleuth.instrument.web.client.TraceWebClientAutoConfiguration$RestTemplateConfig$TraceInterceptorConfiguration' of type [org.springframework.cloud.sleuth.instrument.web.client.TraceWebClientAutoConfiguration$RestTemplateConfig$TraceInterceptorConfiguration$$EnhancerBySpringCGLIB$$54a1a6f1] is not eligible for getting processed by all BeanPostProcessors (for example: not eligible for auto-proxying)
2019-06-07 12:50:44.081  INFO [forex-service,,,] 2904 --- [restartedMain] o.s.b.w.embedded.tomcat.TomcatWebServer  : Tomcat initialized with port(s): 8000 (http)
2019-06-07 12:50:44.106  INFO [forex-service,,,] 2904 --- [restartedMain] o.apache.catalina.core.StandardService   : Starting service [Tomcat]
2019-06-07 12:50:44.107  INFO [forex-service,,,] 2904 --- [restartedMain] org.apache.catalina.core.StandardEngine  : Starting Servlet Engine: Apache Tomcat/8.5.28
2019-06-07 12:50:44.111  INFO [forex-service,,,] 2904 --- [localhost-startStop-1] o.a.catalina.core.AprLifecycleListener   : The APR based Apache Tomcat Native library which allows optimal performance in production environments was not found on the java.library.path: [C:\Program Files\Java\jdk1.8.0_101\bin;C:\WINDOWS\Sun\Java\bin;C:\WINDOWS\system32;C:\WINDOWS;C:/Program Files/Java/jdk1.8.0_101/bin/../jre/bin/server;C:/Program Files/Java/jdk1.8.0_101/bin/../jre/bin;C:/Program Files/Java/jdk1.8.0_101/bin/../jre/lib/amd64;D:\Perl64\site\bin;D:\Perl64\bin;C:\Program Files (x86)\Intel\iCLS Client\;C:\Program Files\Intel\iCLS Client\;C:\Windows\system32;C:\Windows;C:\Windows\System32\Wbem;C:\Windows\System32\WindowsPowerShell\v1.0\;C:\Program Files (x86)\Intel\Intel(R) Management Engine Components\DAL;C:\Program Files\Intel\Intel(R) Management Engine Components\DAL;C:\Program Files (x86)\Intel\Intel(R) Management Engine Components\IPT;C:\Program Files\Intel\Intel(R) Management Engine Components\IPT;C:\Program Files (x86)\NVIDIA Corporation\PhysX\Common;C:\WINDOWS\system32;C:\WINDOWS;C:\WINDOWS\System32\Wbem;C:\WINDOWS\System32\WindowsPowerShell\v1.0\;C:\WINDOWS\system32\config\systemprofile\.dnx\bin;C:\Program Files\Microsoft DNX\Dnvm\;C:\Program Files\Microsoft SQL Server\130\Tools\Binn\;D:\Dwimperl\perl\bin;D:\Dwimperl\perl\site\bin;D:\Dwimperl\c\bin;C:\Program Files\Java\jdk1.8.0_101\bin\;C:\Program Files\Git\cmd;C:\Program Files\Intel\WiFi\bin\;C:\Program Files\Common Files\Intel\WirelessCommon\;D:\Program Files\PuTTY\;D:\Program Files (x86)\sbt\bin;D:\spark-1.6.3-bin-hadoop2.6\\bin\;D:\scala-2.12.2\\bin\;C:\WINDOWS\System32\OpenSSH\;D:\Program Files (x86)\Brackets\command;D:\Program Files\nodejs\;D:\Program Files\Amazon\AWSCLI\bin\;D:\Program Files\MongoDB\Server\4.0\bin\;%PYTHON%;D:\Program Files\MySQL\MySQL Server 8.0\bin;D:\Program Files\apache-maven-3.6.0\bin;;D:\Program Files\Cloud Foundry;C:\Users\HQZ\AppData\Local\Microsoft\WindowsApps;D:\Program Files\Docker Toolbox;C:\Users\HQZ\AppData\Roaming\npm;C:\Users\HQZ\AppData\Local\atom\bin;D:\Program Files\Microsoft VS Code\bin;D:\Program Files\spring-tool-suite-3.9.4.RELEASE-e4.7.3a-win32-x86_64\sts-bundle\sts-3.9.4.RELEASE;;.]
2019-06-07 12:50:44.330  INFO [forex-service,,,] 2904 --- [localhost-startStop-1] o.a.c.c.C.[Tomcat].[localhost].[/]       : Initializing Spring embedded WebApplicationContext
2019-06-07 12:50:44.331  INFO [forex-service,,,] 2904 --- [localhost-startStop-1] o.s.web.context.ContextLoader            : Root WebApplicationContext: initialization completed in 4175 ms
2019-06-07 12:50:45.154  INFO [forex-service,,,] 2904 --- [localhost-startStop-1] o.s.aop.framework.CglibAopProxy          : Method [void com.zaxxer.hikari.HikariConfig.seal()] is package-visible across different ClassLoaders and cannot get proxied via CGLIB: Declare this method as public or protected if you need to support invocations through the proxy.
2019-06-07 12:50:47.051  INFO [forex-service,,,] 2904 --- [localhost-startStop-1] o.s.cloud.commons.util.InetUtils         : Cannot determine local hostname
2019-06-07 12:50:48.779  INFO [forex-service,,,] 2904 --- [localhost-startStop-1] o.s.cloud.commons.util.InetUtils         : Cannot determine local hostname
2019-06-07 12:50:49.522  INFO [forex-service,,,] 2904 --- [localhost-startStop-1] o.s.b.w.servlet.FilterRegistrationBean   : Mapping filter: 'characterEncodingFilter' to: [/*]
2019-06-07 12:50:49.524  INFO [forex-service,,,] 2904 --- [localhost-startStop-1] o.s.b.w.servlet.FilterRegistrationBean   : Mapping filter: 'traceFilter' to: [/*]
2019-06-07 12:50:49.524  INFO [forex-service,,,] 2904 --- [localhost-startStop-1] o.s.b.w.servlet.FilterRegistrationBean   : Mapping filter: 'hiddenHttpMethodFilter' to: [/*]
2019-06-07 12:50:49.525  INFO [forex-service,,,] 2904 --- [localhost-startStop-1] o.s.b.w.servlet.FilterRegistrationBean   : Mapping filter: 'httpPutFormContentFilter' to: [/*]
2019-06-07 12:50:49.525  INFO [forex-service,,,] 2904 --- [localhost-startStop-1] o.s.b.w.servlet.FilterRegistrationBean   : Mapping filter: 'requestContextFilter' to: [/*]
2019-06-07 12:50:49.525  INFO [forex-service,,,] 2904 --- [localhost-startStop-1] o.s.b.w.servlet.FilterRegistrationBean   : Mapping filter: 'httpTraceFilter' to: [/*]
2019-06-07 12:50:49.525  INFO [forex-service,,,] 2904 --- [localhost-startStop-1] o.s.b.w.servlet.FilterRegistrationBean   : Mapping filter: 'webMvcMetricsFilter' to: [/*]
2019-06-07 12:50:49.525  INFO [forex-service,,,] 2904 --- [localhost-startStop-1] o.s.b.w.servlet.ServletRegistrationBean  : Servlet dispatcherServlet mapped to [/]
2019-06-07 12:50:49.527  INFO [forex-service,,,] 2904 --- [localhost-startStop-1] o.s.b.w.servlet.ServletRegistrationBean  : Servlet webServlet mapped to [/h2-console/*]
2019-06-07 12:50:49.682  INFO [forex-service,,,] 2904 --- [restartedMain] com.zaxxer.hikari.HikariDataSource       : HikariPool-1 - Starting...
2019-06-07 12:50:49.782  INFO [forex-service,,,] 2904 --- [restartedMain] com.zaxxer.hikari.HikariDataSource       : HikariPool-1 - Start completed.
2019-06-07 12:50:49.849  INFO [forex-service,,,] 2904 --- [restartedMain] j.LocalContainerEntityManagerFactoryBean : Building JPA container EntityManagerFactory for persistence unit 'default'
2019-06-07 12:50:49.863  INFO [forex-service,,,] 2904 --- [restartedMain] o.hibernate.jpa.internal.util.LogHelper  : HHH000204: Processing PersistenceUnitInfo [
	name: default
	...]
2019-06-07 12:50:49.947  INFO [forex-service,,,] 2904 --- [restartedMain] org.hibernate.Version                    : HHH000412: Hibernate Core {5.2.14.Final}
2019-06-07 12:50:49.948  INFO [forex-service,,,] 2904 --- [restartedMain] org.hibernate.cfg.Environment            : HHH000206: hibernate.properties not found
2019-06-07 12:50:50.002  INFO [forex-service,,,] 2904 --- [restartedMain] o.hibernate.annotations.common.Version   : HCANN000001: Hibernate Commons Annotations {5.0.1.Final}
2019-06-07 12:50:50.162  INFO [forex-service,,,] 2904 --- [restartedMain] org.hibernate.dialect.Dialect            : HHH000400: Using dialect: org.hibernate.dialect.H2Dialect
2019-06-07 12:50:50.660  INFO [forex-service,,,] 2904 --- [restartedMain] o.h.t.schema.internal.SchemaCreatorImpl  : HHH000476: Executing import script 'org.hibernate.tool.schema.internal.exec.ScriptSourceInputNonExistentImpl@136a8b39'
2019-06-07 12:50:50.664  INFO [forex-service,,,] 2904 --- [restartedMain] j.LocalContainerEntityManagerFactoryBean : Initialized JPA EntityManagerFactory for persistence unit 'default'
2019-06-07 12:50:50.787  INFO [forex-service,,,] 2904 --- [restartedMain] o.s.jdbc.datasource.init.ScriptUtils     : Executing SQL script from URL [file:/C:/Users/HQZ/Documents/workspace-sts-3.9.4.RELEASE/CCSModule/spring-boot-microservice-forex-service/target/classes/data.sql]
2019-06-07 12:50:50.792  INFO [forex-service,,,] 2904 --- [restartedMain] o.s.jdbc.datasource.init.ScriptUtils     : Executed SQL script from URL [file:/C:/Users/HQZ/Documents/workspace-sts-3.9.4.RELEASE/CCSModule/spring-boot-microservice-forex-service/target/classes/data.sql] in 5 ms.
2019-06-07 12:50:51.298  WARN [forex-service,,,] 2904 --- [restartedMain] c.n.c.sources.URLConfigurationSource     : No URLs will be polled as dynamic configuration sources.
2019-06-07 12:50:51.298  INFO [forex-service,,,] 2904 --- [restartedMain] c.n.c.sources.URLConfigurationSource     : To enable URLs as dynamic configuration sources, define System property archaius.configurationSource.additionalUrls or make config.properties available on classpath.
2019-06-07 12:50:51.303  WARN [forex-service,,,] 2904 --- [restartedMain] c.n.c.sources.URLConfigurationSource     : No URLs will be polled as dynamic configuration sources.
2019-06-07 12:50:51.303  INFO [forex-service,,,] 2904 --- [restartedMain] c.n.c.sources.URLConfigurationSource     : To enable URLs as dynamic configuration sources, define System property archaius.configurationSource.additionalUrls or make config.properties available on classpath.
2019-06-07 12:50:51.839  INFO [forex-service,,,] 2904 --- [restartedMain] s.w.s.m.m.a.RequestMappingHandlerAdapter : Looking for @ControllerAdvice: org.springframework.boot.web.servlet.context.AnnotationConfigServletWebServerApplicationContext@242eb76b: startup date [Fri Jun 07 12:50:40 EDT 2019]; parent: org.springframework.context.annotation.AnnotationConfigApplicationContext@12f54eb
2019-06-07 12:50:51.899  WARN [forex-service,,,] 2904 --- [restartedMain] aWebConfiguration$JpaWebMvcConfiguration : spring.jpa.open-in-view is enabled by default. Therefore, database queries may be performed during view rendering. Explicitly configure spring.jpa.open-in-view to disable this warning
2019-06-07 12:50:51.958  INFO [forex-service,,,] 2904 --- [restartedMain] s.w.s.m.m.a.RequestMappingHandlerMapping : Mapped "{[/currency-exchange/from/{from}/to/{to}],methods=[GET]}" onto public com.in28minutes.springboot.microservice.example.forex.ExchangeValue com.in28minutes.springboot.microservice.example.forex.ForexController.retrieveExchangeValue(java.lang.String,java.lang.String)
2019-06-07 12:50:51.962  INFO [forex-service,,,] 2904 --- [restartedMain] s.w.s.m.m.a.RequestMappingHandlerMapping : Mapped "{[/error]}" onto public org.springframework.http.ResponseEntity<java.util.Map<java.lang.String, java.lang.Object>> org.springframework.boot.autoconfigure.web.servlet.error.BasicErrorController.error(javax.servlet.http.HttpServletRequest)
2019-06-07 12:50:51.962  INFO [forex-service,,,] 2904 --- [restartedMain] s.w.s.m.m.a.RequestMappingHandlerMapping : Mapped "{[/error],produces=[text/html]}" onto public org.springframework.web.servlet.ModelAndView org.springframework.boot.autoconfigure.web.servlet.error.BasicErrorController.errorHtml(javax.servlet.http.HttpServletRequest,javax.servlet.http.HttpServletResponse)
2019-06-07 12:50:52.094  INFO [forex-service,,,] 2904 --- [restartedMain] o.s.w.s.handler.SimpleUrlHandlerMapping  : Mapped URL path [/webjars/**] onto handler of type [class org.springframework.web.servlet.resource.ResourceHttpRequestHandler]
2019-06-07 12:50:52.094  INFO [forex-service,,,] 2904 --- [restartedMain] o.s.w.s.handler.SimpleUrlHandlerMapping  : Mapped URL path [/**] onto handler of type [class org.springframework.web.servlet.resource.ResourceHttpRequestHandler]
2019-06-07 12:50:52.175  INFO [forex-service,,,] 2904 --- [restartedMain] o.s.w.s.handler.SimpleUrlHandlerMapping  : Mapped URL path [/**/favicon.ico] onto handler of type [class org.springframework.web.servlet.resource.ResourceHttpRequestHandler]
2019-06-07 12:50:53.014  WARN [forex-service,,,] 2904 --- [restartedMain] o.s.b.d.a.OptionalLiveReloadServer       : Unable to start LiveReload server
2019-06-07 12:50:54.052  INFO [forex-service,,,] 2904 --- [restartedMain] s.b.a.e.w.s.WebMvcEndpointHandlerMapping : Mapped "{[/actuator/health],methods=[GET],produces=[application/vnd.spring-boot.actuator.v2+json || application/json]}" onto public java.lang.Object org.springframework.boot.actuate.endpoint.web.servlet.AbstractWebMvcEndpointHandlerMapping$OperationHandler.handle(javax.servlet.http.HttpServletRequest,java.util.Map<java.lang.String, java.lang.String>)
2019-06-07 12:50:54.054  INFO [forex-service,,,] 2904 --- [restartedMain] s.b.a.e.w.s.WebMvcEndpointHandlerMapping : Mapped "{[/actuator/info],methods=[GET],produces=[application/vnd.spring-boot.actuator.v2+json || application/json]}" onto public java.lang.Object org.springframework.boot.actuate.endpoint.web.servlet.AbstractWebMvcEndpointHandlerMapping$OperationHandler.handle(javax.servlet.http.HttpServletRequest,java.util.Map<java.lang.String, java.lang.String>)
2019-06-07 12:50:54.055  INFO [forex-service,,,] 2904 --- [restartedMain] s.b.a.e.w.s.WebMvcEndpointHandlerMapping : Mapped "{[/actuator],methods=[GET],produces=[application/vnd.spring-boot.actuator.v2+json || application/json]}" onto protected java.util.Map<java.lang.String, java.util.Map<java.lang.String, org.springframework.boot.actuate.endpoint.web.Link>> org.springframework.boot.actuate.endpoint.web.servlet.WebMvcEndpointHandlerMapping.links(javax.servlet.http.HttpServletRequest,javax.servlet.http.HttpServletResponse)
2019-06-07 12:50:54.188  INFO [forex-service,,,] 2904 --- [restartedMain] o.s.j.e.a.AnnotationMBeanExporter        : Registering beans for JMX exposure on startup
2019-06-07 12:50:54.189  INFO [forex-service,,,] 2904 --- [restartedMain] o.s.j.e.a.AnnotationMBeanExporter        : Bean with name 'dataSource' has been autodetected for JMX exposure
2019-06-07 12:50:54.201  INFO [forex-service,,,] 2904 --- [restartedMain] o.s.j.e.a.AnnotationMBeanExporter        : Bean with name 'configurationPropertiesRebinder' has been autodetected for JMX exposure
2019-06-07 12:50:54.201  INFO [forex-service,,,] 2904 --- [restartedMain] o.s.j.e.a.AnnotationMBeanExporter        : Bean with name 'environmentManager' has been autodetected for JMX exposure
2019-06-07 12:50:54.204  INFO [forex-service,,,] 2904 --- [restartedMain] o.s.j.e.a.AnnotationMBeanExporter        : Bean with name 'refreshScope' has been autodetected for JMX exposure
2019-06-07 12:50:54.207  INFO [forex-service,,,] 2904 --- [restartedMain] o.s.j.e.a.AnnotationMBeanExporter        : Located managed bean 'environmentManager': registering with JMX server as MBean [org.springframework.cloud.context.environment:name=environmentManager,type=EnvironmentManager]
2019-06-07 12:50:54.217  INFO [forex-service,,,] 2904 --- [restartedMain] o.s.j.e.a.AnnotationMBeanExporter        : Located managed bean 'refreshScope': registering with JMX server as MBean [org.springframework.cloud.context.scope.refresh:name=refreshScope,type=RefreshScope]
2019-06-07 12:50:54.229  INFO [forex-service,,,] 2904 --- [restartedMain] o.s.j.e.a.AnnotationMBeanExporter        : Located managed bean 'configurationPropertiesRebinder': registering with JMX server as MBean [org.springframework.cloud.context.properties:name=configurationPropertiesRebinder,context=242eb76b,type=ConfigurationPropertiesRebinder]
2019-06-07 12:50:54.236  INFO [forex-service,,,] 2904 --- [restartedMain] o.s.j.e.a.AnnotationMBeanExporter        : Located MBean 'dataSource': registering with JMX server as MBean [com.zaxxer.hikari:name=dataSource,type=HikariDataSource]
2019-06-07 12:50:54.254  INFO [forex-service,,,] 2904 --- [restartedMain] o.s.c.support.DefaultLifecycleProcessor  : Starting beans in phase 0
2019-06-07 12:50:54.261  INFO [forex-service,,,] 2904 --- [restartedMain] o.s.c.n.eureka.InstanceInfoFactory       : Setting initial instance status as: STARTING
2019-06-07 12:50:54.299  INFO [forex-service,,,] 2904 --- [restartedMain] com.netflix.discovery.DiscoveryClient    : Initializing Eureka in region us-east-1
2019-06-07 12:50:54.415  INFO [forex-service,,,] 2904 --- [restartedMain] c.n.d.provider.DiscoveryJerseyProvider   : Using JSON encoding codec LegacyJacksonJson
2019-06-07 12:50:54.416  INFO [forex-service,,,] 2904 --- [restartedMain] c.n.d.provider.DiscoveryJerseyProvider   : Using JSON decoding codec LegacyJacksonJson
2019-06-07 12:50:54.507  INFO [forex-service,,,] 2904 --- [restartedMain] c.n.d.provider.DiscoveryJerseyProvider   : Using XML encoding codec XStreamXml
2019-06-07 12:50:54.507  INFO [forex-service,,,] 2904 --- [restartedMain] c.n.d.provider.DiscoveryJerseyProvider   : Using XML decoding codec XStreamXml
2019-06-07 12:50:54.699  INFO [forex-service,,,] 2904 --- [restartedMain] c.n.d.s.r.aws.ConfigClusterResolver      : Resolving eureka endpoints via configuration
2019-06-07 12:50:55.159  INFO [forex-service,,,] 2904 --- [restartedMain] com.netflix.discovery.DiscoveryClient    : Disable delta property : false
2019-06-07 12:50:55.159  INFO [forex-service,,,] 2904 --- [restartedMain] com.netflix.discovery.DiscoveryClient    : Single vip registry refresh property : null
2019-06-07 12:50:55.159  INFO [forex-service,,,] 2904 --- [restartedMain] com.netflix.discovery.DiscoveryClient    : Force full registry fetch : false
2019-06-07 12:50:55.160  INFO [forex-service,,,] 2904 --- [restartedMain] com.netflix.discovery.DiscoveryClient    : Application is null : false
2019-06-07 12:50:55.160  INFO [forex-service,,,] 2904 --- [restartedMain] com.netflix.discovery.DiscoveryClient    : Registered Applications size is zero : true
2019-06-07 12:50:55.160  INFO [forex-service,,,] 2904 --- [restartedMain] com.netflix.discovery.DiscoveryClient    : Application version is -1: true
2019-06-07 12:50:55.160  INFO [forex-service,,,] 2904 --- [restartedMain] com.netflix.discovery.DiscoveryClient    : Getting all instance registry info from the eureka server
2019-06-07 12:50:55.291  INFO [forex-service,,,] 2904 --- [restartedMain] com.netflix.discovery.DiscoveryClient    : The response status is 200
2019-06-07 12:50:55.294  INFO [forex-service,,,] 2904 --- [restartedMain] com.netflix.discovery.DiscoveryClient    : Starting heartbeat executor: renew interval is: 30
2019-06-07 12:50:55.297  INFO [forex-service,,,] 2904 --- [restartedMain] c.n.discovery.InstanceInfoReplicator     : InstanceInfoReplicator onDemand update allowed rate per min is 4
2019-06-07 12:50:55.301  INFO [forex-service,,,] 2904 --- [restartedMain] com.netflix.discovery.DiscoveryClient    : Discovery Client initialized at timestamp 1559926255300 with initial instances count: 1
2019-06-07 12:50:55.319  INFO [forex-service,,,] 2904 --- [restartedMain] o.s.c.n.e.s.EurekaServiceRegistry        : Registering application forex-service with eureka with status UP
2019-06-07 12:50:55.319  INFO [forex-service,,,] 2904 --- [restartedMain] com.netflix.discovery.DiscoveryClient    : Saw local status change event StatusChangeEvent [timestamp=1559926255319, current=UP, previous=STARTING]
2019-06-07 12:50:55.321  INFO [forex-service,,,] 2904 --- [DiscoveryClient-InstanceInfoReplicator-0] com.netflix.discovery.DiscoveryClient    : DiscoveryClient_FOREX-SERVICE/localhost:forex-service:8000: registering service...
2019-06-07 12:50:55.380  INFO [forex-service,,,] 2904 --- [DiscoveryClient-InstanceInfoReplicator-0] com.netflix.discovery.DiscoveryClient    : DiscoveryClient_FOREX-SERVICE/localhost:forex-service:8000 - registration status: 204
2019-06-07 12:50:55.394  INFO [forex-service,,,] 2904 --- [restartedMain] o.s.b.w.embedded.tomcat.TomcatWebServer  : Tomcat started on port(s): 8000 (http) with context path ''
2019-06-07 12:50:55.395  INFO [forex-service,,,] 2904 --- [restartedMain] .s.c.n.e.s.EurekaAutoServiceRegistration : Updating port to 8000
2019-06-07 12:50:55.398  INFO [forex-service,,,] 2904 --- [restartedMain] gBootMicroserviceForexServiceApplication : Started SpringBootMicroserviceForexServiceApplication in 21.849 seconds (JVM running for 23.405)
2019-06-07 12:52:26.850  INFO [forex-service,,,] 2904 --- [http-nio-8000-exec-1] o.a.c.c.C.[Tomcat].[localhost].[/]       : Initializing Spring FrameworkServlet 'dispatcherServlet'
2019-06-07 12:52:26.851  INFO [forex-service,,,] 2904 --- [http-nio-8000-exec-1] o.s.web.servlet.DispatcherServlet        : FrameworkServlet 'dispatcherServlet': initialization started
2019-06-07 12:52:26.909  INFO [forex-service,,,] 2904 --- [http-nio-8000-exec-1] o.s.web.servlet.DispatcherServlet        : FrameworkServlet 'dispatcherServlet': initialization completed in 58 ms
2019-06-07 12:52:26.982  INFO [forex-service,de2c5c46e5cd9aff,1ea140ab7dd7ae5a,true] 2904 --- [http-nio-8000-exec-1] c.i.s.m.example.forex.ForexController    : received:{}EURand {}INR
2019-06-07 12:52:27.007  INFO [forex-service,de2c5c46e5cd9aff,1ea140ab7dd7ae5a,true] 2904 --- [http-nio-8000-exec-1] o.h.h.i.QueryTranslatorFactoryInitiator  : HHH000397: Using ASTQueryTranslatorFactory
2019-06-07 12:52:27.136  INFO [forex-service,de2c5c46e5cd9aff,1ea140ab7dd7ae5a,true] 2904 --- [http-nio-8000-exec-1] c.i.s.m.example.forex.ForexController    : exchangeValue {}com.in28minutes.springboot.microservice.example.forex.ExchangeValue@384607ad
2019-06-07 12:52:28.119  INFO [forex-service,,,] 2904 --- [AsyncReporter{org.springframework.cloud.sleuth.zipkin2.sender.RestTemplateSender@a0d0343}] s.c.a.AnnotationConfigApplicationContext : Refreshing SpringClientFactory-zipkin: startup date [Fri Jun 07 12:52:28 EDT 2019]; parent: org.springframework.boot.web.servlet.context.AnnotationConfigServletWebServerApplicationContext@242eb76b
2019-06-07 12:52:28.173  INFO [forex-service,,,] 2904 --- [AsyncReporter{org.springframework.cloud.sleuth.zipkin2.sender.RestTemplateSender@a0d0343}] f.a.AutowiredAnnotationBeanPostProcessor : JSR-330 'javax.inject.Inject' annotation found and supported for autowiring
2019-06-07 12:52:28.358  INFO [forex-service,,,] 2904 --- [AsyncReporter{org.springframework.cloud.sleuth.zipkin2.sender.RestTemplateSender@a0d0343}] c.netflix.config.ChainedDynamicProperty  : Flipping property: zipkin.ribbon.ActiveConnectionsLimit to use NEXT property: niws.loadbalancer.availabilityFilteringRule.activeConnectionsLimit = 2147483647
2019-06-07 12:52:28.382  INFO [forex-service,,,] 2904 --- [AsyncReporter{org.springframework.cloud.sleuth.zipkin2.sender.RestTemplateSender@a0d0343}] c.n.u.concurrent.ShutdownEnabledTimer    : Shutdown hook installed for: NFLoadBalancer-PingTimer-zipkin
2019-06-07 12:52:28.407  INFO [forex-service,,,] 2904 --- [AsyncReporter{org.springframework.cloud.sleuth.zipkin2.sender.RestTemplateSender@a0d0343}] c.netflix.loadbalancer.BaseLoadBalancer  : Client: zipkin instantiated a LoadBalancer: DynamicServerListLoadBalancer:{NFLoadBalancer:name=zipkin,current list of Servers=[],Load balancer stats=Zone stats: {},Server stats: []}ServerList:null
2019-06-07 12:52:28.413  INFO [forex-service,,,] 2904 --- [AsyncReporter{org.springframework.cloud.sleuth.zipkin2.sender.RestTemplateSender@a0d0343}] c.n.l.DynamicServerListLoadBalancer      : Using serverListUpdater PollingServerListUpdater
2019-06-07 12:52:28.417  INFO [forex-service,,,] 2904 --- [AsyncReporter{org.springframework.cloud.sleuth.zipkin2.sender.RestTemplateSender@a0d0343}] c.n.l.DynamicServerListLoadBalancer      : DynamicServerListLoadBalancer for client zipkin initialized: DynamicServerListLoadBalancer:{NFLoadBalancer:name=zipkin,current list of Servers=[],Load balancer stats=Zone stats: {},Server stats: []}ServerList:org.springframework.cloud.netflix.ribbon.eureka.DomainExtractingServerList@45a7d9a
2019-06-07 12:52:58.227  INFO [forex-service,e0a2a7bfbaaf1f2c,b88abd3b7611af3b,true] 2904 --- [http-nio-8000-exec-3] c.i.s.m.example.forex.ForexController    : received:{}EURand {}INR
2019-06-07 12:52:58.230  INFO [forex-service,e0a2a7bfbaaf1f2c,b88abd3b7611af3b,true] 2904 --- [http-nio-8000-exec-3] c.i.s.m.example.forex.ForexController    : exchangeValue {}com.in28minutes.springboot.microservice.example.forex.ExchangeValue@4333d004
2019-06-07 12:54:18.368  INFO [forex-service,05d49a2f9ec1e8f3,cbe7d92dd04ba7e6,true] 2904 --- [http-nio-8000-exec-5] c.i.s.m.example.forex.ForexController    : received:{}EURand {}INR
2019-06-07 12:54:18.371  INFO [forex-service,05d49a2f9ec1e8f3,cbe7d92dd04ba7e6,true] 2904 --- [http-nio-8000-exec-5] c.i.s.m.example.forex.ForexController    : exchangeValue {}com.in28minutes.springboot.microservice.example.forex.ExchangeValue@3d7b2465
2019-06-07 12:55:55.163  INFO [forex-service,,,] 2904 --- [AsyncResolver-bootstrap-executor-0] c.n.d.s.r.aws.ConfigClusterResolver      : Resolving eureka endpoints via configuration
2019-06-07 13:00:16.209  INFO [forex-service,f7308fcf8a436c80,78d5cb6735d225b9,true] 2904 --- [http-nio-8000-exec-7] c.i.s.m.example.forex.ForexController    : received:{}EURand {}INR
2019-06-07 13:00:16.211  INFO [forex-service,f7308fcf8a436c80,78d5cb6735d225b9,true] 2904 --- [http-nio-8000-exec-7] c.i.s.m.example.forex.ForexController    : exchangeValue {}com.in28minutes.springboot.microservice.example.forex.ExchangeValue@2ec546e
2019-06-07 13:00:55.166  INFO [forex-service,,,] 2904 --- [AsyncResolver-bootstrap-executor-0] c.n.d.s.r.aws.ConfigClusterResolver      : Resolving eureka endpoints via configuration
2019-06-07 13:01:36.011  INFO [forex-service,3afb2a88466d2393,8493e0e1b61139d2,true] 2904 --- [http-nio-8000-exec-9] c.i.s.m.example.forex.ForexController    : received:{}EURand {}INR
2019-06-07 13:01:36.012  INFO [forex-service,3afb2a88466d2393,8493e0e1b61139d2,true] 2904 --- [http-nio-8000-exec-9] c.i.s.m.example.forex.ForexController    : exchangeValue {}com.in28minutes.springboot.microservice.example.forex.ExchangeValue@1d94d478
2019-06-07 13:05:55.167  INFO [forex-service,,,] 2904 --- [AsyncResolver-bootstrap-executor-0] c.n.d.s.r.aws.ConfigClusterResolver      : Resolving eureka endpoints via configuration
2019-06-07 13:10:55.169  INFO [forex-service,,,] 2904 --- [AsyncResolver-bootstrap-executor-0] c.n.d.s.r.aws.ConfigClusterResolver      : Resolving eureka endpoints via configuration
2019-06-07 13:15:55.172  INFO [forex-service,,,] 2904 --- [AsyncResolver-bootstrap-executor-0] c.n.d.s.r.aws.ConfigClusterResolver      : Resolving eureka endpoints via configuration
2019-06-07 13:20:55.173  INFO [forex-service,,,] 2904 --- [AsyncResolver-bootstrap-executor-0] c.n.d.s.r.aws.ConfigClusterResolver      : Resolving eureka endpoints via configuration
2019-06-07 13:26:52.856  WARN [forex-service,,,] 2904 --- [HikariPool-1 housekeeper] com.zaxxer.hikari.pool.HikariPool        : HikariPool-1 - Thread starvation or clock leap detected (housekeeper delta=1m32s891ms888µs903ns).
2019-06-07 13:26:58.057  INFO [forex-service,,,] 2904 --- [AsyncResolver-bootstrap-executor-0] c.n.d.s.r.aws.ConfigClusterResolver      : Resolving eureka endpoints via configuration
2019-06-07 13:29:45.886  WARN [forex-service,,,] 2904 --- [HikariPool-1 housekeeper] com.zaxxer.hikari.pool.HikariPool        : HikariPool-1 - Thread starvation or clock leap detected (housekeeper delta=53s34ms322µs200ns).
2019-06-07 13:32:32.684  INFO [forex-service,,,] 2904 --- [AsyncResolver-bootstrap-executor-0] c.n.d.s.r.aws.ConfigClusterResolver      : Resolving eureka endpoints via configuration
2019-06-07 13:37:32.685  INFO [forex-service,,,] 2904 --- [AsyncResolver-bootstrap-executor-0] c.n.d.s.r.aws.ConfigClusterResolver      : Resolving eureka endpoints via configuration
2019-06-07 13:42:32.688  INFO [forex-service,,,] 2904 --- [AsyncResolver-bootstrap-executor-0] c.n.d.s.r.aws.ConfigClusterResolver      : Resolving eureka endpoints via configuration
2019-06-07 13:47:32.691  INFO [forex-service,,,] 2904 --- [AsyncResolver-bootstrap-executor-0] c.n.d.s.r.aws.ConfigClusterResolver      : Resolving eureka endpoints via configuration
2019-06-07 13:52:32.694  INFO [forex-service,,,] 2904 --- [AsyncResolver-bootstrap-executor-0] c.n.d.s.r.aws.ConfigClusterResolver      : Resolving eureka endpoints via configuration
2019-06-07 13:57:32.695  INFO [forex-service,,,] 2904 --- [AsyncResolver-bootstrap-executor-0] c.n.d.s.r.aws.ConfigClusterResolver      : Resolving eureka endpoints via configuration
2019-06-07 14:55:37.092  WARN [forex-service,,,] 2904 --- [HikariPool-1 housekeeper] com.zaxxer.hikari.pool.HikariPool        : HikariPool-1 - Thread starvation or clock leap detected (housekeeper delta=54m39s532ms422µs347ns).
2019-06-07 14:56:42.217  INFO [forex-service,,,] 2904 --- [AsyncResolver-bootstrap-executor-0] c.n.d.s.r.aws.ConfigClusterResolver      : Resolving eureka endpoints via configuration
2019-06-07 14:58:17.381  INFO [forex-service,6bf40c416d816b09,722fa209179bcea6,true] 2904 --- [http-nio-8000-exec-1] c.i.s.m.example.forex.ForexController    : received:{}EURand {}INR
2019-06-07 14:58:17.406  INFO [forex-service,6bf40c416d816b09,722fa209179bcea6,true] 2904 --- [http-nio-8000-exec-1] c.i.s.m.example.forex.ForexController    : exchangeValue {}com.in28minutes.springboot.microservice.example.forex.ExchangeValue@d5a77ea
2019-06-07 15:00:02.732  INFO [forex-service,d7e1cd4dd96aac1e,00c1aa6ba250c8d0,true] 2904 --- [http-nio-8000-exec-3] c.i.s.m.example.forex.ForexController    : received:{}EURand {}INR
2019-06-07 15:00:02.734  INFO [forex-service,d7e1cd4dd96aac1e,00c1aa6ba250c8d0,true] 2904 --- [http-nio-8000-exec-3] c.i.s.m.example.forex.ForexController    : exchangeValue {}com.in28minutes.springboot.microservice.example.forex.ExchangeValue@5fac0908
2019-06-07 15:01:42.219  INFO [forex-service,,,] 2904 --- [AsyncResolver-bootstrap-executor-0] c.n.d.s.r.aws.ConfigClusterResolver      : Resolving eureka endpoints via configuration
2019-06-07 15:04:34.648  INFO [forex-service,e9e23a246f2be257,ab21b1b09859f438,true] 2904 --- [http-nio-8000-exec-5] c.i.s.m.example.forex.ForexController    : received:{}EURand {}INR
2019-06-07 15:04:34.650  INFO [forex-service,e9e23a246f2be257,ab21b1b09859f438,true] 2904 --- [http-nio-8000-exec-5] c.i.s.m.example.forex.ForexController    : exchangeValue {}com.in28minutes.springboot.microservice.example.forex.ExchangeValue@36f3337b
2019-06-07 15:05:15.836  INFO [forex-service,,,] 2904 --- [Thread-2] s.c.a.AnnotationConfigApplicationContext : Closing org.springframework.context.annotation.AnnotationConfigApplicationContext@12f54eb: startup date [Fri Jun 07 12:50:35 EDT 2019]; root of context hierarchy
2019-06-07 15:05:15.839  INFO [forex-service,,,] 2904 --- [Thread-2] ConfigServletWebServerApplicationContext : Closing org.springframework.boot.web.servlet.context.AnnotationConfigServletWebServerApplicationContext@242eb76b: startup date [Fri Jun 07 12:50:40 EDT 2019]; parent: org.springframework.context.annotation.AnnotationConfigApplicationContext@12f54eb
2019-06-07 15:05:15.840  INFO [forex-service,,,] 2904 --- [Thread-2] o.s.c.n.e.s.EurekaServiceRegistry        : Unregistering application forex-service with eureka with status DOWN
2019-06-07 15:05:15.840  WARN [forex-service,,,] 2904 --- [Thread-2] com.netflix.discovery.DiscoveryClient    : Saw local status change event StatusChangeEvent [timestamp=1559934315840, current=DOWN, previous=UP]
2019-06-07 15:05:15.841  INFO [forex-service,,,] 2904 --- [DiscoveryClient-InstanceInfoReplicator-0] com.netflix.discovery.DiscoveryClient    : DiscoveryClient_FOREX-SERVICE/localhost:forex-service:8000: registering service...
2019-06-07 15:05:15.856  INFO [forex-service,,,] 2904 --- [DiscoveryClient-InstanceInfoReplicator-0] com.netflix.discovery.DiscoveryClient    : DiscoveryClient_FOREX-SERVICE/localhost:forex-service:8000 - registration status: 204
2019-06-07 15:05:15.861  INFO [forex-service,,,] 2904 --- [Thread-2] o.s.c.support.DefaultLifecycleProcessor  : Stopping beans in phase 0
2019-06-07 15:05:15.863  INFO [forex-service,,,] 2904 --- [Thread-2] o.s.j.e.a.AnnotationMBeanExporter        : Unregistering JMX-exposed beans on shutdown
2019-06-07 15:05:15.864  INFO [forex-service,,,] 2904 --- [Thread-2] o.s.j.e.a.AnnotationMBeanExporter        : Unregistering JMX-exposed beans
2019-06-07 15:05:15.869  INFO [forex-service,,,] 2904 --- [Thread-2] j.LocalContainerEntityManagerFactoryBean : Closing JPA EntityManagerFactory for persistence unit 'default'
2019-06-07 15:05:15.871  INFO [forex-service,,,] 2904 --- [Thread-2] .SchemaDropperImpl$DelayedDropActionImpl : HHH000477: Starting delayed drop of schema as part of SessionFactory shut-down'
2019-06-07 15:05:15.888  WARN [forex-service,,,] 2904 --- [Thread-2] o.s.b.f.support.DisposableBeanAdapter    : Invocation of destroy method failed on bean with name 'inMemoryDatabaseShutdownExecutor': org.h2.jdbc.JdbcSQLException: Database is already closed (to disable automatic closing at VM shutdown, add ";DB_CLOSE_ON_EXIT=FALSE" to the db URL) [90121-196]
2019-06-07 15:05:15.890  INFO [forex-service,,,] 2904 --- [Thread-2] com.netflix.discovery.DiscoveryClient    : Shutting down DiscoveryClient ...
2019-06-07 15:05:15.891  INFO [forex-service,,,] 2904 --- [Thread-2] com.netflix.discovery.DiscoveryClient    : Unregistering ...
2019-06-07 15:05:15.900  INFO [forex-service,,,] 2904 --- [Thread-2] com.netflix.discovery.DiscoveryClient    : DiscoveryClient_FOREX-SERVICE/localhost:forex-service:8000 - deregister  status: 200
2019-06-07 15:05:15.916  INFO [forex-service,,,] 2904 --- [Thread-2] com.netflix.discovery.DiscoveryClient    : Completed shut down of DiscoveryClient
2019-06-07 15:05:16.672  WARN [forex-service,,,] 2904 --- [PollingServerListUpdater-0] c.n.c.sources.URLConfigurationSource     : No URLs will be polled as dynamic configuration sources.
2019-06-07 15:05:16.672  INFO [forex-service,,,] 2904 --- [PollingServerListUpdater-0] c.n.c.sources.URLConfigurationSource     : To enable URLs as dynamic configuration sources, define System property archaius.configurationSource.additionalUrls or make config.properties available on classpath.
2019-06-07 15:05:16.674  INFO [forex-service,,,] 2904 --- [PollingServerListUpdater-0] c.netflix.config.DynamicPropertyFactory  : DynamicPropertyFactory is initialized with configuration sources: com.netflix.config.ConcurrentCompositeConfiguration@70e69f3b
2019-06-07 15:05:16.921  INFO [forex-service,,,] 2904 --- [Thread-2] s.c.a.AnnotationConfigApplicationContext : Closing SpringClientFactory-zipkin: startup date [Fri Jun 07 12:52:28 EDT 2019]; parent: org.springframework.boot.web.servlet.context.AnnotationConfigServletWebServerApplicationContext@242eb76b
2019-06-07 15:05:16.930  WARN [forex-service,,,] 2904 --- [Thread-2] s.c.a.AnnotationConfigApplicationContext : Exception thrown from ApplicationListener handling ContextClosedEvent

org.springframework.beans.factory.BeanCreationNotAllowedException: Error creating bean with name 'eurekaAutoServiceRegistration': Singleton bean creation not allowed while singletons of this factory are in destruction (Do not request a bean from a BeanFactory in a destroy method implementation!)
	at org.springframework.beans.factory.support.DefaultSingletonBeanRegistry.getSingleton(DefaultSingletonBeanRegistry.java:214) [spring-beans-5.0.4.RELEASE.jar:5.0.4.RELEASE]
	at org.springframework.beans.factory.support.AbstractBeanFactory.doGetBean(AbstractBeanFactory.java:310) ~[spring-beans-5.0.4.RELEASE.jar:5.0.4.RELEASE]
	at org.springframework.beans.factory.support.AbstractBeanFactory.getBean(AbstractBeanFactory.java:200) ~[spring-beans-5.0.4.RELEASE.jar:5.0.4.RELEASE]
	at org.springframework.context.support.AbstractApplicationContext.getBean(AbstractApplicationContext.java:1085) [spring-context-5.0.4.RELEASE.jar:5.0.4.RELEASE]
	at org.springframework.context.event.ApplicationListenerMethodAdapter.getTargetBean(ApplicationListenerMethodAdapter.java:291) ~[spring-context-5.0.4.RELEASE.jar:5.0.4.RELEASE]
	at org.springframework.context.event.ApplicationListenerMethodAdapter.doInvoke(ApplicationListenerMethodAdapter.java:261) ~[spring-context-5.0.4.RELEASE.jar:5.0.4.RELEASE]
	at org.springframework.context.event.ApplicationListenerMethodAdapter.processEvent(ApplicationListenerMethodAdapter.java:182) ~[spring-context-5.0.4.RELEASE.jar:5.0.4.RELEASE]
	at org.springframework.context.event.ApplicationListenerMethodAdapter.onApplicationEvent(ApplicationListenerMethodAdapter.java:144) ~[spring-context-5.0.4.RELEASE.jar:5.0.4.RELEASE]
	at org.springframework.context.event.SimpleApplicationEventMulticaster.doInvokeListener(SimpleApplicationEventMulticaster.java:172) [spring-context-5.0.4.RELEASE.jar:5.0.4.RELEASE]
	at org.springframework.context.event.SimpleApplicationEventMulticaster.invokeListener(SimpleApplicationEventMulticaster.java:165) [spring-context-5.0.4.RELEASE.jar:5.0.4.RELEASE]
	at org.springframework.context.event.SimpleApplicationEventMulticaster.multicastEvent(SimpleApplicationEventMulticaster.java:139) [spring-context-5.0.4.RELEASE.jar:5.0.4.RELEASE]
	at org.springframework.context.support.AbstractApplicationContext.publishEvent(AbstractApplicationContext.java:399) [spring-context-5.0.4.RELEASE.jar:5.0.4.RELEASE]
	at org.springframework.context.support.AbstractApplicationContext.publishEvent(AbstractApplicationContext.java:405) [spring-context-5.0.4.RELEASE.jar:5.0.4.RELEASE]
	at org.springframework.context.support.AbstractApplicationContext.publishEvent(AbstractApplicationContext.java:353) [spring-context-5.0.4.RELEASE.jar:5.0.4.RELEASE]
	at org.springframework.context.support.AbstractApplicationContext.doClose(AbstractApplicationContext.java:996) [spring-context-5.0.4.RELEASE.jar:5.0.4.RELEASE]
	at org.springframework.context.support.AbstractApplicationContext.close(AbstractApplicationContext.java:963) [spring-context-5.0.4.RELEASE.jar:5.0.4.RELEASE]
	at org.springframework.cloud.context.named.NamedContextFactory.destroy(NamedContextFactory.java:76) [spring-cloud-context-2.0.0.M8.jar:2.0.0.M8]
	at org.springframework.beans.factory.support.DisposableBeanAdapter.destroy(DisposableBeanAdapter.java:256) [spring-beans-5.0.4.RELEASE.jar:5.0.4.RELEASE]
	at org.springframework.beans.factory.support.DefaultSingletonBeanRegistry.destroyBean(DefaultSingletonBeanRegistry.java:576) [spring-beans-5.0.4.RELEASE.jar:5.0.4.RELEASE]
	at org.springframework.beans.factory.support.DefaultSingletonBeanRegistry.destroySingleton(DefaultSingletonBeanRegistry.java:552) [spring-beans-5.0.4.RELEASE.jar:5.0.4.RELEASE]
	at org.springframework.beans.factory.support.DefaultListableBeanFactory.destroySingleton(DefaultListableBeanFactory.java:957) [spring-beans-5.0.4.RELEASE.jar:5.0.4.RELEASE]
	at org.springframework.beans.factory.support.DefaultSingletonBeanRegistry.destroySingletons(DefaultSingletonBeanRegistry.java:521) [spring-beans-5.0.4.RELEASE.jar:5.0.4.RELEASE]
	at org.springframework.beans.factory.support.FactoryBeanRegistrySupport.destroySingletons(FactoryBeanRegistrySupport.java:226) [spring-beans-5.0.4.RELEASE.jar:5.0.4.RELEASE]
	at org.springframework.beans.factory.support.DefaultListableBeanFactory.destroySingletons(DefaultListableBeanFactory.java:964) [spring-beans-5.0.4.RELEASE.jar:5.0.4.RELEASE]
	at org.springframework.context.support.AbstractApplicationContext.destroyBeans(AbstractApplicationContext.java:1037) [spring-context-5.0.4.RELEASE.jar:5.0.4.RELEASE]
	at org.springframework.context.support.AbstractApplicationContext.doClose(AbstractApplicationContext.java:1013) [spring-context-5.0.4.RELEASE.jar:5.0.4.RELEASE]
	at org.springframework.context.support.AbstractApplicationContext.close(AbstractApplicationContext.java:963) [spring-context-5.0.4.RELEASE.jar:5.0.4.RELEASE]
	at org.springframework.boot.builder.ParentContextCloserApplicationListener$ContextCloserListener.onApplicationEvent(ParentContextCloserApplicationListener.java:100) [spring-boot-2.0.0.RELEASE.jar:2.0.0.RELEASE]
	at org.springframework.boot.builder.ParentContextCloserApplicationListener$ContextCloserListener.onApplicationEvent(ParentContextCloserApplicationListener.java:85) [spring-boot-2.0.0.RELEASE.jar:2.0.0.RELEASE]
	at org.springframework.context.event.SimpleApplicationEventMulticaster.doInvokeListener(SimpleApplicationEventMulticaster.java:172) [spring-context-5.0.4.RELEASE.jar:5.0.4.RELEASE]
	at org.springframework.context.event.SimpleApplicationEventMulticaster.invokeListener(SimpleApplicationEventMulticaster.java:165) [spring-context-5.0.4.RELEASE.jar:5.0.4.RELEASE]
	at org.springframework.context.event.SimpleApplicationEventMulticaster.multicastEvent(SimpleApplicationEventMulticaster.java:139) [spring-context-5.0.4.RELEASE.jar:5.0.4.RELEASE]
	at org.springframework.context.support.AbstractApplicationContext.publishEvent(AbstractApplicationContext.java:399) [spring-context-5.0.4.RELEASE.jar:5.0.4.RELEASE]
	at org.springframework.context.support.AbstractApplicationContext.publishEvent(AbstractApplicationContext.java:353) [spring-context-5.0.4.RELEASE.jar:5.0.4.RELEASE]
	at org.springframework.context.support.AbstractApplicationContext.doClose(AbstractApplicationContext.java:996) [spring-context-5.0.4.RELEASE.jar:5.0.4.RELEASE]
	at org.springframework.context.support.AbstractApplicationContext.close(AbstractApplicationContext.java:963) [spring-context-5.0.4.RELEASE.jar:5.0.4.RELEASE]
	at org.springframework.boot.devtools.restart.Restarter.stop(Restarter.java:310) [spring-boot-devtools-2.0.0.RELEASE.jar:2.0.0.RELEASE]
	at org.springframework.boot.devtools.restart.Restarter.lambda$restart$1(Restarter.java:250) [spring-boot-devtools-2.0.0.RELEASE.jar:2.0.0.RELEASE]
	at org.springframework.boot.devtools.restart.Restarter$LeakSafeThread.run(Restarter.java:616) ~[spring-boot-devtools-2.0.0.RELEASE.jar:2.0.0.RELEASE]

2019-06-07 15:05:16.933  INFO [forex-service,,,] 2904 --- [Thread-2] c.n.u.concurrent.ShutdownEnabledTimer    : Shutdown hook removed for: NFLoadBalancer-PingTimer-zipkin
2019-06-07 15:05:16.941  INFO [forex-service,,,] 2904 --- [Thread-2] com.zaxxer.hikari.HikariDataSource       : HikariPool-1 - Shutdown initiated...
2019-06-07 15:05:16.945  INFO [forex-service,,,] 2904 --- [Thread-2] com.zaxxer.hikari.HikariDataSource       : HikariPool-1 - Shutdown completed.
